Vivado Simulator 2018.3
Copyright 1986-1999, 2001-2018 Xilinx, Inc. All Rights Reserved.
Running: D:/Software/work/Vivado/Vivado/2018.3/bin/unwrapped/win64.o/xelab.exe -wto 2ee1b3aff6a94815b6a1e927f99a9945 --incr --debug typical --relax --mt 2 -L xil_defaultlib -L unisims_ver -L unimacro_ver -L secureip --snapshot single_cycle_sim_tb_behav xil_defaultlib.single_cycle_sim_tb xil_defaultlib.glbl -log elaborate.log 
Using 2 slave threads.
Starting static elaboration
Completed static elaboration
Starting simulation data flow analysis
Completed simulation data flow analysis
Time Resolution for simulation is 1ps
Compiling module xil_defaultlib.Ctr
Compiling module xil_defaultlib.ALUCtr
Compiling module xil_defaultlib.ALU
Compiling module xil_defaultlib.Registers
Compiling module xil_defaultlib.PC
Compiling module xil_defaultlib.InstMemory
Compiling module xil_defaultlib.dataMemory
Compiling module xil_defaultlib.signext
Compiling module xil_defaultlib.Mux
Compiling module xil_defaultlib.Mux_s
Compiling module xil_defaultlib.Top
Compiling module xil_defaultlib.single_cycle_sim_tb
Compiling module xil_defaultlib.glbl
Built simulation snapshot single_cycle_sim_tb_behav
