Vivado Simulator 2018.3
Time resolution is 1 ps
PC:         0

PC:         0

PC:        16

PC:        24

PC:        28

PC:        32

PC:        36

PC:        40

PC:        44

PC:        48

PC:        52

PC:        56

PC:        60

PC:        64

PC:        68

PC:        72

PC:        76

PC:        80

PC:        84

PC:        88

PC:        92

PC:        96

PC:       100

PC:       104

PC:       108

PC:       116

PC:         0

PC:        16

$finish called at time : 1040 ns : File "D:/C/Arch/lab5/lab5.srcs/sim_1/new/single_cycle_sim_tb.v" Line 41
PC:         0

PC:         0

PC:        16

PC:        24

PC:        28

PC:        32

PC:        36

PC:        40

PC:        44

PC:        48

PC:        52

PC:        56

PC:        60

PC:        64

PC:        68

PC:        72

PC:        76

PC:        80

PC:        84

PC:        88

PC:        92

PC:        96

PC:       100

PC:       104

PC:       108

PC:       116

PC:         0

PC:        16

$finish called at time : 1040 ns : File "D:/C/Arch/lab5/lab5.srcs/sim_1/new/single_cycle_sim_tb.v" Line 41
PC:         0

PC:         0

PC:        16

PC:        24

PC:        28

PC:        32

PC:        36

PC:        40

PC:        44

PC:        48

PC:        52

PC:        56

PC:        60

PC:        64

PC:        68

PC:        72

PC:        76

PC:        80

PC:        84

PC:        88

PC:        92

PC:        96

PC:       100

PC:       104

PC:       108

PC:       116

PC:         0

PC:        16

$finish called at time : 1040 ns : File "D:/C/Arch/lab5/lab5.srcs/sim_1/new/single_cycle_sim_tb.v" Line 41
