#-----------------------------------------------------------
# Vivado v2018.3 (64-bit)
# SW Build 2405991 on Thu Dec  6 23:38:27 MST 2018
# IP Build 2404404 on Fri Dec  7 01:43:56 MST 2018
# Start of session at: Sat Apr 16 17:14:37 2022
# Process ID: 24520
# Current directory: D:/C/Arch/lab6
# Command line: vivado.exe -gui_launcher_event rodinguilauncherevent15796 D:\C\Arch\lab6\lab6.xpr
# Log file: D:/C/Arch/lab6/vivado.log
# Journal file: D:/C/Arch/lab6\vivado.jou
#-----------------------------------------------------------
start_gui
open_project D:/C/Arch/lab6/lab6.xpr
Scanning sources...
Finished scanning sources
INFO: [IP_Flow 19-234] Refreshing IP repositories
INFO: [IP_Flow 19-1704] No user IP repositories specified
INFO: [IP_Flow 19-2313] Loaded Vivado IP repository 'D:/Software/work/Vivado/Vivado/2018.3/data/ip'.
update_compile_order -fileset sources_1
launch_simulation
INFO: [Vivado 12-5682] Launching behavioral simulation in 'D:/C/Arch/lab6/lab6.sim/sim_1/behav/xsim'
INFO: [SIM-utils-51] Simulation object is 'sim_1'
INFO: [SIM-utils-54] Inspecting design source files for 'pipeline_tb' in fileset 'sim_1'...
INFO: [USF-XSim-97] Finding global include files...
INFO: [USF-XSim-98] Fetching design files from 'sim_1'...
INFO: [USF-XSim-2] XSim::Compile design
INFO: [USF-XSim-61] Executing 'COMPILE and ANALYZE' step in 'D:/C/Arch/lab6/lab6.sim/sim_1/behav/xsim'
"xvlog --incr --relax -prj pipeline_tb_vlog.prj"
INFO: [USF-XSim-69] 'compile' step finished in '1' seconds
INFO: [USF-XSim-3] XSim::Elaborate design
INFO: [USF-XSim-61] Executing 'ELABORATE' step in 'D:/C/Arch/lab6/lab6.sim/sim_1/behav/xsim'
Vivado Simulator 2018.3
Copyright 1986-1999, 2001-2018 Xilinx, Inc. All Rights Reserved.
Running: D:/Software/work/Vivado/Vivado/2018.3/bin/unwrapped/win64.o/xelab.exe -wto c4110c124c1248d1a3e6d7bfda857587 --incr --debug typical --relax --mt 2 -L xil_defaultlib -L unisims_ver -L unimacro_ver -L secureip --snapshot pipeline_tb_behav xil_defaultlib.pipeline_tb xil_defaultlib.glbl -log elaborate.log 
Using 2 slave threads.
Starting static elaboration
Completed static elaboration
INFO: [XSIM 43-4323] No Change in HDL. Linking previously generated obj files to create kernel
INFO: [USF-XSim-69] 'elaborate' step finished in '1' seconds
INFO: [USF-XSim-4] XSim::Simulate design
INFO: [USF-XSim-61] Executing 'SIMULATE' step in 'D:/C/Arch/lab6/lab6.sim/sim_1/behav/xsim'
INFO: [USF-XSim-98] *** Running xsim
   with args "pipeline_tb_behav -key {Behavioral:sim_1:Functional:pipeline_tb} -tclbatch {pipeline_tb.tcl} -log {simulate.log}"
INFO: [USF-XSim-8] Loading simulator feature
Vivado Simulator 2018.3
Time resolution is 1 ps
source pipeline_tb.tcl
# set curr_wave [current_wave_config]
# if { [string length $curr_wave] == 0 } {
#   if { [llength [get_objects]] > 0} {
#     add_wave /
#     set_property needs_save false [current_wave_config]
#   } else {
#      send_msg_id Add_Wave-1 WARNING "No top level signals found. Simulator will start without a wave window. If you want to open a wave window go to 'File->New Waveform Configuration' or type 'create_wave_config' in the TCL console."
#   }
# }
# run 1000ns
INFO: [USF-XSim-96] XSim completed. Design snapshot 'pipeline_tb_behav' loaded.
INFO: [USF-XSim-97] XSim simulation ran for 1000ns
launch_simulation: Time (s): cpu = 00:00:07 ; elapsed = 00:00:06 . Memory (MB): peak = 767.461 ; gain = 38.828
current_wave_config {Untitled 1}
Untitled 1
add_wave {{/pipeline_tb/processor/reg_file/regFile}} 
restart
INFO: [Simtcl 6-17] Simulation restarted
run all
$finish called at time : 1040 ns : File "D:/C/Arch/lab6/lab6.srcs/sim_1/new/pipeline_tb.v" Line 41
restart
INFO: [Simtcl 6-17] Simulation restarted
run all
$finish called at time : 1040 ns : File "D:/C/Arch/lab6/lab6.srcs/sim_1/new/pipeline_tb.v" Line 41
current_wave_config {Untitled 1}
Untitled 1
add_wave {{/pipeline_tb/processor/inst_mem/address}} 
restart
INFO: [Simtcl 6-17] Simulation restarted
run all
$finish called at time : 1040 ns : File "D:/C/Arch/lab6/lab6.srcs/sim_1/new/pipeline_tb.v" Line 41
restart
INFO: [Simtcl 6-17] Simulation restarted
run all
$finish called at time : 1040 ns : File "D:/C/Arch/lab6/lab6.srcs/sim_1/new/pipeline_tb.v" Line 41
update_compile_order -fileset sources_1
close_sim
INFO: [Simtcl 6-16] Simulation closed
exit
INFO: [Common 17-206] Exiting Vivado at Sat Apr 16 18:53:23 2022...
